<?xml version="1.0" encoding="UTF-8"?>
<testsuite xmlns:xsi="http://www.w3.org/2001/XMLSchema-instance" xsi:noNamespaceSchemaLocation="https://maven.apache.org/surefire/maven-surefire-plugin/xsd/surefire-test-report-3.0.xsd" version="3.0" name="runner.TestRunner" time="35.242" tests="1" errors="0" skipped="0" failures="0">
  <properties>
[...]
</properties>
  <testcase name="End-to-End scenario for Background Check Package Form" classname="End to end scenario for UK form submission,UBC and data verification #1" time="34.519">
    <system-out><![CDATA[Test Run Started

@TC004
Scenario: End-to-End scenario for Background Check Package Form                       &amp#27;[90m# src/test/resources/TestCases/TC004.feature:81&amp#27;[0m
  &amp#27;[32mGiven &amp#27;[0m&amp#27;[32mLogin as a &amp#27;[0m&amp#27;[32m&amp#27;[1m"Stand Alone"&amp#27;[0m&amp#27;[32m Recruiter in UK&amp#27;[0m                                      &amp#27;[90m# glueCode.LoginActions.login_in_as_recruiter_in_UK(java.lang.String)&amp#27;[0m
  &amp#27;[32mWhen &amp#27;[0m&amp#27;[32mLogin as a &amp#27;[0m&amp#27;[32m&amp#27;[1m"Stand Alone"&amp#27;[0m&amp#27;[32m Recruiter in UK&amp#27;[0m                                       &amp#27;[90m# glueCode.LoginActions.login_in_as_recruiter_in_UK(java.lang.String)&amp#27;[0m
  &amp#27;[32mThen &amp#27;[0m&amp#27;[32mCheck if status of candidate is changed to &amp#27;[0m&amp#27;[32m&amp#27;[1m"Onboarded"&amp#27;[0m&amp#27;[32m.&amp#27;[0m                        &amp#27;[90m# glueCode.TC003.check_if_status_of_candidate_is_changed_to(java.lang.String)&amp#27;[0m
  &amp#27;[32mThen &amp#27;[0m&amp#27;[32mVerify and complete recruiter section for Right to Work and DBS Enhanced check&amp#27;[0m &amp#27;[90m# glueCode.TC004.Complete_the_recruiter_section_of_the_form_and_Right_to_Work_and_DBS_Enhanced_check()&amp#27;[0m
]]></system-out>
  </testcase>
</testsuite>